<?xml version="1.0" encoding="UTF-8"?>
<testsuite name="Scenario: Search for bears" tests="5" skipped="0" failures="0" errors="0" timestamp="2017-08-03T21:24:56" hostname="600308a463b8" time="2.519">
  <properties/>
  <testcase name="Given The user is on the google search page" classname="Scenario: Search for bears" time="0.0"/>
  <testcase name="And the user enters bears into the search edit" classname="Scenario: Search for bears" time="0.0"/>
  <testcase name="When the user click the search google button" classname="Scenario: Search for bears" time="0.0"/>
  <testcase name="Then search results list bears" classname="Scenario: Search for bears" time="0.0"/>
  <testcase name="classMethod" classname="Scenario: Search for bears" time="5.393"/>
  <system-out><![CDATA[]]></system-out>
  <system-err><![CDATA[Starting ChromeDriver 2.31.488774 (7e15618d1bf16df8bf0ecf2914ed1964a387ba0b) on port 25955
Only local connections are allowed.
Aug 03, 2017 4:24:55 PM org.openqa.selenium.remote.ProtocolHandshake createSession
INFO: Detected dialect: OSS
]]></system-err>
</testsuite>
