<?xml version="1.0" encoding="UTF-8"?>
<testsuite name="Runner" tests="0" skipped="0" failures="0" errors="0" timestamp="1970-01-01T00:00:00" hostname="600308a463b8" time="0.0">
  <properties/>
  <system-out><![CDATA[@CucumberOptions(features="src/test/resources")
Feature: Google Search
the size is 46

  @smoke
  Scenario: Search for bears                       # Search.feature:4
    Given The user is on the google search page    # Search.theUserIsOnTheGoogleSearchPage()
    And the user enters bears into the search edit # Search.theUserEntersBearsIntoTheSearchEdit()
    When the user click the search google button   # Search.theUserClickTheSearchGoogleButton()
    Then search results list bears                 # Search.searchResultsListBears()

1 Scenarios (1 passed)
4 Steps (4 passed)
0m5.817s

]]></system-out>
  <system-err><![CDATA[]]></system-err>
</testsuite>
